<?xml version="1.0" encoding="UTF-8"?>
<!-- Generated by org.testng.reporters.JUnitReportReporter -->
<testsuite skipped="0" hostname="spicityL499" name="com.Demo.Sample" tests="1" failures="0" timestamp="22 Apr 2020 17:11:48 GMT" time="0.027" errors="0">
  <testcase name="start" time="0.027" classname="com.Demo.Sample"/>
</testsuite> <!-- com.Demo.Sample -->
